<?xml version="1.0" encoding="UTF-8"?>
<testng-results skipped="0" failed="0" ignored="0" total="3" passed="3">
  <reporter-output>
  </reporter-output>
  <suite name="Suite" duration-ms="11533" started-at="2021-09-14T13:15:13 IST" finished-at="2021-09-14T13:15:25 IST">
    <groups>
    </groups>
    <test name="Test" duration-ms="11533" started-at="2021-09-14T13:15:13 IST" finished-at="2021-09-14T13:15:25 IST">
      <class name="Maven2.test1">
        <test-method status="PASS" signature="init()[pri:0, instance:Maven2.test1@49139829]" name="init" is-config="true" duration-ms="1882" started-at="2021-09-14T13:15:13 IST" finished-at="2021-09-14T13:15:15 IST">
          <reporter-output>
          </reporter-output>
        </test-method> <!-- init -->
        <test-method status="PASS" signature="new1(java.lang.String,java.lang.String)[pri:0, instance:Maven2.test1@49139829]" name="new1" duration-ms="3488" started-at="2021-09-14T13:15:15 IST" data-provider="getdata" finished-at="2021-09-14T13:15:19 IST">
          <params>
            <param index="0">
              <value>
                <![CDATA[hi]]>
              </value>
            </param>
            <param index="1">
              <value>
                <![CDATA[pass hi]]>
              </value>
            </param>
          </params>
          <reporter-output>
          </reporter-output>
        </test-method> <!-- new1 -->
        <test-method status="PASS" signature="init()[pri:0, instance:Maven2.test1@49139829]" name="init" is-config="true" duration-ms="1357" started-at="2021-09-14T13:15:19 IST" finished-at="2021-09-14T13:15:20 IST">
          <reporter-output>
          </reporter-output>
        </test-method> <!-- init -->
        <test-method status="PASS" signature="new1(java.lang.String,java.lang.String)[pri:0, instance:Maven2.test1@49139829]" name="new1" duration-ms="4769" started-at="2021-09-14T13:15:20 IST" data-provider="getdata" finished-at="2021-09-14T13:15:25 IST">
          <params>
            <param index="0">
              <value>
                <![CDATA[hii]]>
              </value>
            </param>
            <param index="1">
              <value>
                <![CDATA[ pass hii]]>
              </value>
            </param>
          </params>
          <reporter-output>
          </reporter-output>
        </test-method> <!-- new1 -->
      </class> <!-- Maven2.test1 -->
      <class name="Maven2.AppTest">
        <test-method status="PASS" signature="shouldAnswerWithTrue()[pri:0, instance:Maven2.AppTest@6325a3ee]" name="shouldAnswerWithTrue" duration-ms="4" started-at="2021-09-14T13:15:13 IST" finished-at="2021-09-14T13:15:13 IST">
          <reporter-output>
          </reporter-output>
        </test-method> <!-- shouldAnswerWithTrue -->
      </class> <!-- Maven2.AppTest -->
    </test> <!-- Test -->
  </suite> <!-- Suite -->
</testng-results>
