<?xml version="1.0" encoding="UTF-8"?>
<testsuite xmlns:xsi="http://www.w3.org/2001/XMLSchema-instance" xsi:noNamespaceSchemaLocation="https://maven.apache.org/surefire/maven-surefire-plugin/xsd/surefire-test-report-3.0.xsd" version="3.0" name="TestSuite" time="12.367" tests="3" errors="0" skipped="0" failures="0">
  <properties>
[...]
</properties>
  <testcase name="shouldAnswerWithTrue" classname="Maven2.AppTest" time="0.004"/>
  <testcase name="new1[hi, pass hi](1)" classname="Maven2.test1" time="3.471">
    <system-out><![CDATA[13:15:15.712 [main] FATAL HelloWorld - f
13:15:18.044 [main] ERROR HelloWorld - Element not displayed
]]></system-out>
    <system-err><![CDATA[Starting ChromeDriver 92.0.4515.107 (87a818b10553a07434ea9e2b6dccf3cbe7895134-refs/branch-heads/4515@{#1634}) on port 14666
Only local connections are allowed.
Please see https://chromedriver.chromium.org/security-considerations for suggestions on keeping ChromeDriver safe.
ChromeDriver was started successfully.
[1631605515.644][WARNING]: This version of ChromeDriver has not been tested with Chrome version 93.
Sep 14, 2021 1:15:15 PM org.openqa.selenium.remote.ProtocolHandshake createSession
INFO: Detected dialect: W3C
]]></system-err>
  </testcase>
  <testcase name="new1[hii,  pass hii](2)" classname="Maven2.test1" time="4.749">
    <system-out><![CDATA[13:15:20.562 [main] FATAL HelloWorld - f
13:15:24.499 [main] ERROR HelloWorld - Element not displayed
]]></system-out>
    <system-err><![CDATA[Starting ChromeDriver 92.0.4515.107 (87a818b10553a07434ea9e2b6dccf3cbe7895134-refs/branch-heads/4515@{#1634}) on port 24318
Only local connections are allowed.
Please see https://chromedriver.chromium.org/security-considerations for suggestions on keeping ChromeDriver safe.
ChromeDriver was started successfully.
[1631605520.507][WARNING]: This version of ChromeDriver has not been tested with Chrome version 93.
Sep 14, 2021 1:15:20 PM org.openqa.selenium.remote.ProtocolHandshake createSession
INFO: Detected dialect: W3C
]]></system-err>
  </testcase>
</testsuite>